0 info it worked if it ends with ok
1 verbose cli [ 'node', '/usr/local/bin/npm', 'install' ]
2 info using npm@1.4.28
3 info using node@v0.10.35
4 verbose readDependencies using package.json deps
5 verbose install where, deps [ '/Volumes/Storage/Users/ganeshdatta/Downloads/startbootstrap-agency-gh-pages',
5 verbose install   [ '@fortawesome/fontawesome-free',
5 verbose install     'bootstrap',
5 verbose install     'jquery',
5 verbose install     'jquery.easing',
5 verbose install     'browser-sync',
5 verbose install     'gulp',
5 verbose install     'gulp-autoprefixer',
5 verbose install     'gulp-clean-css',
5 verbose install     'gulp-header',
5 verbose install     'gulp-rename',
5 verbose install     'gulp-sass',
5 verbose install     'gulp-uglify' ] ]
6 info preinstall startbootstrap-agency@5.0.2
7 verbose readDependencies using package.json deps
8 verbose cache add [ 'bootstrap@4.1.3', null ]
9 verbose cache add name=undefined spec="bootstrap@4.1.3" args=["bootstrap@4.1.3",null]
10 verbose parsed url { protocol: null,
10 verbose parsed url   slashes: null,
10 verbose parsed url   auth: null,
10 verbose parsed url   host: null,
10 verbose parsed url   port: null,
10 verbose parsed url   hostname: null,
10 verbose parsed url   hash: null,
10 verbose parsed url   search: null,
10 verbose parsed url   query: null,
10 verbose parsed url   pathname: 'bootstrap@4.1.3',
10 verbose parsed url   path: 'bootstrap@4.1.3',
10 verbose parsed url   href: 'bootstrap@4.1.3' }
11 verbose cache add [ 'jquery@3.3.1', null ]
12 verbose cache add name=undefined spec="jquery@3.3.1" args=["jquery@3.3.1",null]
13 verbose parsed url { protocol: null,
13 verbose parsed url   slashes: null,
13 verbose parsed url   auth: null,
13 verbose parsed url   host: null,
13 verbose parsed url   port: null,
13 verbose parsed url   hostname: null,
13 verbose parsed url   hash: null,
13 verbose parsed url   search: null,
13 verbose parsed url   query: null,
13 verbose parsed url   pathname: 'jquery@3.3.1',
13 verbose parsed url   path: 'jquery@3.3.1',
13 verbose parsed url   href: 'jquery@3.3.1' }
14 verbose cache add name="bootstrap" spec="4.1.3" args=["bootstrap","4.1.3"]
15 verbose parsed url { protocol: null,
15 verbose parsed url   slashes: null,
15 verbose parsed url   auth: null,
15 verbose parsed url   host: null,
15 verbose parsed url   port: null,
15 verbose parsed url   hostname: null,
15 verbose parsed url   hash: null,
15 verbose parsed url   search: null,
15 verbose parsed url   query: null,
15 verbose parsed url   pathname: '4.1.3',
15 verbose parsed url   path: '4.1.3',
15 verbose parsed url   href: '4.1.3' }
16 verbose addNamed [ 'bootstrap', '4.1.3' ]
17 verbose addNamed [ '4.1.3', '4.1.3' ]
18 verbose cache add name="jquery" spec="3.3.1" args=["jquery","3.3.1"]
19 verbose parsed url { protocol: null,
19 verbose parsed url   slashes: null,
19 verbose parsed url   auth: null,
19 verbose parsed url   host: null,
19 verbose parsed url   port: null,
19 verbose parsed url   hostname: null,
19 verbose parsed url   hash: null,
19 verbose parsed url   search: null,
19 verbose parsed url   query: null,
19 verbose parsed url   pathname: '3.3.1',
19 verbose parsed url   path: '3.3.1',
19 verbose parsed url   href: '3.3.1' }
20 verbose addNamed [ 'jquery', '3.3.1' ]
21 verbose addNamed [ '3.3.1', '3.3.1' ]
22 verbose cache add [ 'jquery.easing@^1.4.1', null ]
23 verbose cache add name=undefined spec="jquery.easing@^1.4.1" args=["jquery.easing@^1.4.1",null]
24 verbose parsed url { protocol: null,
24 verbose parsed url   slashes: null,
24 verbose parsed url   auth: null,
24 verbose parsed url   host: null,
24 verbose parsed url   port: null,
24 verbose parsed url   hostname: null,
24 verbose parsed url   hash: null,
24 verbose parsed url   search: null,
24 verbose parsed url   query: null,
24 verbose parsed url   pathname: 'jquery.easing@^1.4.1',
24 verbose parsed url   path: 'jquery.easing@^1.4.1',
24 verbose parsed url   href: 'jquery.easing@^1.4.1' }
25 verbose cache add [ 'browser-sync@2.24.7', null ]
26 verbose cache add name=undefined spec="browser-sync@2.24.7" args=["browser-sync@2.24.7",null]
27 verbose parsed url { protocol: null,
27 verbose parsed url   slashes: null,
27 verbose parsed url   auth: null,
27 verbose parsed url   host: null,
27 verbose parsed url   port: null,
27 verbose parsed url   hostname: null,
27 verbose parsed url   hash: null,
27 verbose parsed url   search: null,
27 verbose parsed url   query: null,
27 verbose parsed url   pathname: 'browser-sync@2.24.7',
27 verbose parsed url   path: 'browser-sync@2.24.7',
27 verbose parsed url   href: 'browser-sync@2.24.7' }
28 silly lockFile 8860195b-bootstrap-4-1-3 bootstrap@4.1.3
29 verbose lock bootstrap@4.1.3 /Volumes/Storage/Users/ganeshdatta/.npm/8860195b-bootstrap-4-1-3.lock
30 silly lockFile 3df9e473-jquery-3-3-1 jquery@3.3.1
31 verbose lock jquery@3.3.1 /Volumes/Storage/Users/ganeshdatta/.npm/3df9e473-jquery-3-3-1.lock
32 verbose cache add name="jquery.easing" spec="^1.4.1" args=["jquery.easing","^1.4.1"]
33 verbose parsed url { protocol: null,
33 verbose parsed url   slashes: null,
33 verbose parsed url   auth: null,
33 verbose parsed url   host: null,
33 verbose parsed url   port: null,
33 verbose parsed url   hostname: null,
33 verbose parsed url   hash: null,
33 verbose parsed url   search: null,
33 verbose parsed url   query: null,
33 verbose parsed url   pathname: '^1.4.1',
33 verbose parsed url   path: '^1.4.1',
33 verbose parsed url   href: '^1.4.1' }
34 verbose addNamed [ 'jquery.easing', '^1.4.1' ]
35 verbose addNamed [ null, '>=1.4.1-0 <2.0.0-0' ]
36 silly lockFile 246e426f-jquery-easing-1-4-1 jquery.easing@^1.4.1
37 verbose lock jquery.easing@^1.4.1 /Volumes/Storage/Users/ganeshdatta/.npm/246e426f-jquery-easing-1-4-1.lock
38 verbose cache add [ 'gulp@^3.9.1', null ]
39 verbose cache add name=undefined spec="gulp@^3.9.1" args=["gulp@^3.9.1",null]
40 verbose parsed url { protocol: null,
40 verbose parsed url   slashes: null,
40 verbose parsed url   auth: null,
40 verbose parsed url   host: null,
40 verbose parsed url   port: null,
40 verbose parsed url   hostname: null,
40 verbose parsed url   hash: null,
40 verbose parsed url   search: null,
40 verbose parsed url   query: null,
40 verbose parsed url   pathname: 'gulp@^3.9.1',
40 verbose parsed url   path: 'gulp@^3.9.1',
40 verbose parsed url   href: 'gulp@^3.9.1' }
41 verbose cache add name="browser-sync" spec="2.24.7" args=["browser-sync","2.24.7"]
42 verbose parsed url { protocol: null,
42 verbose parsed url   slashes: null,
42 verbose parsed url   auth: null,
42 verbose parsed url   host: null,
42 verbose parsed url   port: null,
42 verbose parsed url   hostname: null,
42 verbose parsed url   hash: null,
42 verbose parsed url   search: null,
42 verbose parsed url   query: null,
42 verbose parsed url   pathname: '2.24.7',
42 verbose parsed url   path: '2.24.7',
42 verbose parsed url   href: '2.24.7' }
43 verbose addNamed [ 'browser-sync', '2.24.7' ]
44 verbose addNamed [ '2.24.7', '2.24.7' ]
45 silly lockFile 12495b89-browser-sync-2-24-7 browser-sync@2.24.7
46 verbose lock browser-sync@2.24.7 /Volumes/Storage/Users/ganeshdatta/.npm/12495b89-browser-sync-2-24-7.lock
47 verbose cache add [ 'gulp-autoprefixer@6.0.0', null ]
48 verbose cache add name=undefined spec="gulp-autoprefixer@6.0.0" args=["gulp-autoprefixer@6.0.0",null]
49 verbose parsed url { protocol: null,
49 verbose parsed url   slashes: null,
49 verbose parsed url   auth: null,
49 verbose parsed url   host: null,
49 verbose parsed url   port: null,
49 verbose parsed url   hostname: null,
49 verbose parsed url   hash: null,
49 verbose parsed url   search: null,
49 verbose parsed url   query: null,
49 verbose parsed url   pathname: 'gulp-autoprefixer@6.0.0',
49 verbose parsed url   path: 'gulp-autoprefixer@6.0.0',
49 verbose parsed url   href: 'gulp-autoprefixer@6.0.0' }
50 verbose cache add name="gulp" spec="^3.9.1" args=["gulp","^3.9.1"]
51 verbose parsed url { protocol: null,
51 verbose parsed url   slashes: null,
51 verbose parsed url   auth: null,
51 verbose parsed url   host: null,
51 verbose parsed url   port: null,
51 verbose parsed url   hostname: null,
51 verbose parsed url   hash: null,
51 verbose parsed url   search: null,
51 verbose parsed url   query: null,
51 verbose parsed url   pathname: '^3.9.1',
51 verbose parsed url   path: '^3.9.1',
51 verbose parsed url   href: '^3.9.1' }
52 verbose addNamed [ 'gulp', '^3.9.1' ]
53 verbose addNamed [ null, '>=3.9.1-0 <4.0.0-0' ]
54 silly lockFile e5c114fc-gulp-3-9-1 gulp@^3.9.1
55 verbose lock gulp@^3.9.1 /Volumes/Storage/Users/ganeshdatta/.npm/e5c114fc-gulp-3-9-1.lock
56 verbose cache add [ 'gulp-clean-css@3.10.0', null ]
57 verbose cache add name=undefined spec="gulp-clean-css@3.10.0" args=["gulp-clean-css@3.10.0",null]
58 verbose parsed url { protocol: null,
58 verbose parsed url   slashes: null,
58 verbose parsed url   auth: null,
58 verbose parsed url   host: null,
58 verbose parsed url   port: null,
58 verbose parsed url   hostname: null,
58 verbose parsed url   hash: null,
58 verbose parsed url   search: null,
58 verbose parsed url   query: null,
58 verbose parsed url   pathname: 'gulp-clean-css@3.10.0',
58 verbose parsed url   path: 'gulp-clean-css@3.10.0',
58 verbose parsed url   href: 'gulp-clean-css@3.10.0' }
59 verbose cache add [ 'gulp-header@2.0.5', null ]
60 verbose cache add name=undefined spec="gulp-header@2.0.5" args=["gulp-header@2.0.5",null]
61 verbose parsed url { protocol: null,
61 verbose parsed url   slashes: null,
61 verbose parsed url   auth: null,
61 verbose parsed url   host: null,
61 verbose parsed url   port: null,
61 verbose parsed url   hostname: null,
61 verbose parsed url   hash: null,
61 verbose parsed url   search: null,
61 verbose parsed url   query: null,
61 verbose parsed url   pathname: 'gulp-header@2.0.5',
61 verbose parsed url   path: 'gulp-header@2.0.5',
61 verbose parsed url   href: 'gulp-header@2.0.5' }
62 verbose cache add [ 'gulp-rename@1.4.0', null ]
63 verbose cache add name=undefined spec="gulp-rename@1.4.0" args=["gulp-rename@1.4.0",null]
64 verbose parsed url { protocol: null,
64 verbose parsed url   slashes: null,
64 verbose parsed url   auth: null,
64 verbose parsed url   host: null,
64 verbose parsed url   port: null,
64 verbose parsed url   hostname: null,
64 verbose parsed url   hash: null,
64 verbose parsed url   search: null,
64 verbose parsed url   query: null,
64 verbose parsed url   pathname: 'gulp-rename@1.4.0',
64 verbose parsed url   path: 'gulp-rename@1.4.0',
64 verbose parsed url   href: 'gulp-rename@1.4.0' }
65 verbose cache add [ 'gulp-sass@4.0.1', null ]
66 verbose cache add name=undefined spec="gulp-sass@4.0.1" args=["gulp-sass@4.0.1",null]
67 verbose parsed url { protocol: null,
67 verbose parsed url   slashes: null,
67 verbose parsed url   auth: null,
67 verbose parsed url   host: null,
67 verbose parsed url   port: null,
67 verbose parsed url   hostname: null,
67 verbose parsed url   hash: null,
67 verbose parsed url   search: null,
67 verbose parsed url   query: null,
67 verbose parsed url   pathname: 'gulp-sass@4.0.1',
67 verbose parsed url   path: 'gulp-sass@4.0.1',
67 verbose parsed url   href: 'gulp-sass@4.0.1' }
68 verbose cache add [ 'gulp-uglify@3.0.1', null ]
69 verbose cache add name=undefined spec="gulp-uglify@3.0.1" args=["gulp-uglify@3.0.1",null]
70 verbose parsed url { protocol: null,
70 verbose parsed url   slashes: null,
70 verbose parsed url   auth: null,
70 verbose parsed url   host: null,
70 verbose parsed url   port: null,
70 verbose parsed url   hostname: null,
70 verbose parsed url   hash: null,
70 verbose parsed url   search: null,
70 verbose parsed url   query: null,
70 verbose parsed url   pathname: 'gulp-uglify@3.0.1',
70 verbose parsed url   path: 'gulp-uglify@3.0.1',
70 verbose parsed url   href: 'gulp-uglify@3.0.1' }
71 verbose cache add [ '@fortawesome/fontawesome-free@5.3.1', null ]
72 verbose cache add name=undefined spec="@fortawesome/fontawesome-free@5.3.1" args=["@fortawesome/fontawesome-free@5.3.1",null]
73 verbose parsed url { protocol: null,
73 verbose parsed url   slashes: null,
73 verbose parsed url   auth: null,
73 verbose parsed url   host: null,
73 verbose parsed url   port: null,
73 verbose parsed url   hostname: null,
73 verbose parsed url   hash: null,
73 verbose parsed url   search: null,
73 verbose parsed url   query: null,
73 verbose parsed url   pathname: '@fortawesome/fontawesome-free@5.3.1',
73 verbose parsed url   path: '@fortawesome/fontawesome-free@5.3.1',
73 verbose parsed url   href: '@fortawesome/fontawesome-free@5.3.1' }
74 verbose cache add name="gulp-autoprefixer" spec="6.0.0" args=["gulp-autoprefixer","6.0.0"]
75 verbose parsed url { protocol: null,
75 verbose parsed url   slashes: null,
75 verbose parsed url   auth: null,
75 verbose parsed url   host: null,
75 verbose parsed url   port: null,
75 verbose parsed url   hostname: null,
75 verbose parsed url   hash: null,
75 verbose parsed url   search: null,
75 verbose parsed url   query: null,
75 verbose parsed url   pathname: '6.0.0',
75 verbose parsed url   path: '6.0.0',
75 verbose parsed url   href: '6.0.0' }
76 verbose addNamed [ 'gulp-autoprefixer', '6.0.0' ]
77 verbose addNamed [ '6.0.0', '6.0.0' ]
78 silly lockFile 79280398-gulp-autoprefixer-6-0-0 gulp-autoprefixer@6.0.0
79 verbose lock gulp-autoprefixer@6.0.0 /Volumes/Storage/Users/ganeshdatta/.npm/79280398-gulp-autoprefixer-6-0-0.lock
80 verbose cache add name="gulp-clean-css" spec="3.10.0" args=["gulp-clean-css","3.10.0"]
81 verbose parsed url { protocol: null,
81 verbose parsed url   slashes: null,
81 verbose parsed url   auth: null,
81 verbose parsed url   host: null,
81 verbose parsed url   port: null,
81 verbose parsed url   hostname: null,
81 verbose parsed url   hash: null,
81 verbose parsed url   search: null,
81 verbose parsed url   query: null,
81 verbose parsed url   pathname: '3.10.0',
81 verbose parsed url   path: '3.10.0',
81 verbose parsed url   href: '3.10.0' }
82 verbose addNamed [ 'gulp-clean-css', '3.10.0' ]
83 verbose addNamed [ '3.10.0', '3.10.0' ]
84 silly lockFile 11dca4d1-gulp-clean-css-3-10-0 gulp-clean-css@3.10.0
85 verbose lock gulp-clean-css@3.10.0 /Volumes/Storage/Users/ganeshdatta/.npm/11dca4d1-gulp-clean-css-3-10-0.lock
86 verbose cache add name="gulp-header" spec="2.0.5" args=["gulp-header","2.0.5"]
87 verbose parsed url { protocol: null,
87 verbose parsed url   slashes: null,
87 verbose parsed url   auth: null,
87 verbose parsed url   host: null,
87 verbose parsed url   port: null,
87 verbose parsed url   hostname: null,
87 verbose parsed url   hash: null,
87 verbose parsed url   search: null,
87 verbose parsed url   query: null,
87 verbose parsed url   pathname: '2.0.5',
87 verbose parsed url   path: '2.0.5',
87 verbose parsed url   href: '2.0.5' }
88 verbose addNamed [ 'gulp-header', '2.0.5' ]
89 verbose addNamed [ '2.0.5', '2.0.5' ]
90 silly lockFile 4ca3c5a8-gulp-header-2-0-5 gulp-header@2.0.5
91 verbose lock gulp-header@2.0.5 /Volumes/Storage/Users/ganeshdatta/.npm/4ca3c5a8-gulp-header-2-0-5.lock
92 verbose cache add name="gulp-rename" spec="1.4.0" args=["gulp-rename","1.4.0"]
93 verbose parsed url { protocol: null,
93 verbose parsed url   slashes: null,
93 verbose parsed url   auth: null,
93 verbose parsed url   host: null,
93 verbose parsed url   port: null,
93 verbose parsed url   hostname: null,
93 verbose parsed url   hash: null,
93 verbose parsed url   search: null,
93 verbose parsed url   query: null,
93 verbose parsed url   pathname: '1.4.0',
93 verbose parsed url   path: '1.4.0',
93 verbose parsed url   href: '1.4.0' }
94 verbose addNamed [ 'gulp-rename', '1.4.0' ]
95 verbose addNamed [ '1.4.0', '1.4.0' ]
96 silly lockFile 085ba6c5-gulp-rename-1-4-0 gulp-rename@1.4.0
97 verbose lock gulp-rename@1.4.0 /Volumes/Storage/Users/ganeshdatta/.npm/085ba6c5-gulp-rename-1-4-0.lock
98 verbose cache add name="gulp-sass" spec="4.0.1" args=["gulp-sass","4.0.1"]
99 verbose parsed url { protocol: null,
99 verbose parsed url   slashes: null,
99 verbose parsed url   auth: null,
99 verbose parsed url   host: null,
99 verbose parsed url   port: null,
99 verbose parsed url   hostname: null,
99 verbose parsed url   hash: null,
99 verbose parsed url   search: null,
99 verbose parsed url   query: null,
99 verbose parsed url   pathname: '4.0.1',
99 verbose parsed url   path: '4.0.1',
99 verbose parsed url   href: '4.0.1' }
100 verbose addNamed [ 'gulp-sass', '4.0.1' ]
101 verbose addNamed [ '4.0.1', '4.0.1' ]
102 silly lockFile a281e57e-gulp-sass-4-0-1 gulp-sass@4.0.1
103 verbose lock gulp-sass@4.0.1 /Volumes/Storage/Users/ganeshdatta/.npm/a281e57e-gulp-sass-4-0-1.lock
104 verbose cache add name="gulp-uglify" spec="3.0.1" args=["gulp-uglify","3.0.1"]
105 verbose parsed url { protocol: null,
105 verbose parsed url   slashes: null,
105 verbose parsed url   auth: null,
105 verbose parsed url   host: null,
105 verbose parsed url   port: null,
105 verbose parsed url   hostname: null,
105 verbose parsed url   hash: null,
105 verbose parsed url   search: null,
105 verbose parsed url   query: null,
105 verbose parsed url   pathname: '3.0.1',
105 verbose parsed url   path: '3.0.1',
105 verbose parsed url   href: '3.0.1' }
106 verbose addNamed [ 'gulp-uglify', '3.0.1' ]
107 verbose addNamed [ '3.0.1', '3.0.1' ]
108 silly lockFile 5db6fb3e-gulp-uglify-3-0-1 gulp-uglify@3.0.1
109 verbose lock gulp-uglify@3.0.1 /Volumes/Storage/Users/ganeshdatta/.npm/5db6fb3e-gulp-uglify-3-0-1.lock
110 verbose cache add name="" spec="fortawesome/fontawesome-free@5.3.1" args=["","fortawesome/fontawesome-free@5.3.1"]
111 verbose parsed url { protocol: null,
111 verbose parsed url   slashes: null,
111 verbose parsed url   auth: null,
111 verbose parsed url   host: null,
111 verbose parsed url   port: null,
111 verbose parsed url   hostname: null,
111 verbose parsed url   hash: null,
111 verbose parsed url   search: null,
111 verbose parsed url   query: null,
111 verbose parsed url   pathname: 'fortawesome/fontawesome-free@5.3.1',
111 verbose parsed url   path: 'fortawesome/fontawesome-free@5.3.1',
111 verbose parsed url   href: 'fortawesome/fontawesome-free@5.3.1' }
112 verbose cache add name="fortawesome/fontawesome-free" spec="5.3.1" args=["fortawesome/fontawesome-free","5.3.1"]
113 verbose parsed url { protocol: null,
113 verbose parsed url   slashes: null,
113 verbose parsed url   auth: null,
113 verbose parsed url   host: null,
113 verbose parsed url   port: null,
113 verbose parsed url   hostname: null,
113 verbose parsed url   hash: null,
113 verbose parsed url   search: null,
113 verbose parsed url   query: null,
113 verbose parsed url   pathname: '5.3.1',
113 verbose parsed url   path: '5.3.1',
113 verbose parsed url   href: '5.3.1' }
114 verbose addNamed [ 'fortawesome/fontawesome-free', '5.3.1' ]
115 verbose addNamed [ '5.3.1', '5.3.1' ]
116 silly lockFile 37a8f4e4-rtawesome-fontawesome-free-5-3-1 fortawesome/fontawesome-free@5.3.1
117 verbose lock fortawesome/fontawesome-free@5.3.1 /Volumes/Storage/Users/ganeshdatta/.npm/37a8f4e4-rtawesome-fontawesome-free-5-3-1.lock
118 silly addNameRange { name: 'jquery.easing',
118 silly addNameRange   range: '>=1.4.1-0 <2.0.0-0',
118 silly addNameRange   hasData: false }
119 verbose request where is /jquery
120 verbose request registry https://registry.npmjs.org/
121 verbose request id e3ac231e26df2773
122 verbose url raw /jquery
123 verbose url resolving [ 'https://registry.npmjs.org/', './jquery' ]
124 verbose url resolved https://registry.npmjs.org/jquery
125 verbose request where is https://registry.npmjs.org/jquery
126 info trying registry request attempt 1 at 00:09:29
127 http GET https://registry.npmjs.org/jquery
128 silly addNameRange { name: 'gulp', range: '>=3.9.1-0 <4.0.0-0', hasData: false }
129 verbose request where is /browser-sync
130 verbose request registry https://registry.npmjs.org/
131 verbose url raw /browser-sync
132 verbose url resolving [ 'https://registry.npmjs.org/', './browser-sync' ]
133 verbose url resolved https://registry.npmjs.org/browser-sync
134 verbose request where is https://registry.npmjs.org/browser-sync
135 info trying registry request attempt 1 at 00:09:29
136 http GET https://registry.npmjs.org/browser-sync
137 verbose request where is /jquery.easing
138 verbose request registry https://registry.npmjs.org/
139 verbose url raw /jquery.easing
140 verbose url resolving [ 'https://registry.npmjs.org/', './jquery.easing' ]
141 verbose url resolved https://registry.npmjs.org/jquery.easing
142 verbose request where is https://registry.npmjs.org/jquery.easing
143 info trying registry request attempt 1 at 00:09:29
144 http GET https://registry.npmjs.org/jquery.easing
145 verbose request where is /gulp
146 verbose request registry https://registry.npmjs.org/
147 verbose url raw /gulp
148 verbose url resolving [ 'https://registry.npmjs.org/', './gulp' ]
149 verbose url resolved https://registry.npmjs.org/gulp
150 verbose request where is https://registry.npmjs.org/gulp
151 info trying registry request attempt 1 at 00:09:30
152 http GET https://registry.npmjs.org/gulp
153 verbose request where is /gulp-autoprefixer
154 verbose request registry https://registry.npmjs.org/
155 verbose url raw /gulp-autoprefixer
156 verbose url resolving [ 'https://registry.npmjs.org/', './gulp-autoprefixer' ]
157 verbose url resolved https://registry.npmjs.org/gulp-autoprefixer
158 verbose request where is https://registry.npmjs.org/gulp-autoprefixer
159 info trying registry request attempt 1 at 00:09:30
160 http GET https://registry.npmjs.org/gulp-autoprefixer
161 verbose request where is /gulp-clean-css
162 verbose request registry https://registry.npmjs.org/
163 verbose url raw /gulp-clean-css
164 verbose url resolving [ 'https://registry.npmjs.org/', './gulp-clean-css' ]
165 verbose url resolved https://registry.npmjs.org/gulp-clean-css
166 verbose request where is https://registry.npmjs.org/gulp-clean-css
167 info trying registry request attempt 1 at 00:09:30
168 http GET https://registry.npmjs.org/gulp-clean-css
169 verbose request where is /gulp-header
170 verbose request registry https://registry.npmjs.org/
171 verbose url raw /gulp-header
172 verbose url resolving [ 'https://registry.npmjs.org/', './gulp-header' ]
173 verbose url resolved https://registry.npmjs.org/gulp-header
174 verbose request where is https://registry.npmjs.org/gulp-header
175 info trying registry request attempt 1 at 00:09:30
176 http GET https://registry.npmjs.org/gulp-header
177 verbose request where is /gulp-sass
178 verbose request registry https://registry.npmjs.org/
179 verbose url raw /gulp-sass
180 verbose url resolving [ 'https://registry.npmjs.org/', './gulp-sass' ]
181 verbose url resolved https://registry.npmjs.org/gulp-sass
182 verbose request where is https://registry.npmjs.org/gulp-sass
183 info trying registry request attempt 1 at 00:09:30
184 http GET https://registry.npmjs.org/gulp-sass
185 verbose request where is /gulp-uglify
186 verbose request registry https://registry.npmjs.org/
187 verbose url raw /gulp-uglify
188 verbose url resolving [ 'https://registry.npmjs.org/', './gulp-uglify' ]
189 verbose url resolved https://registry.npmjs.org/gulp-uglify
190 verbose request where is https://registry.npmjs.org/gulp-uglify
191 info trying registry request attempt 1 at 00:09:30
192 http GET https://registry.npmjs.org/gulp-uglify
193 verbose request where is /fortawesome/fontawesome-free
194 verbose request registry https://registry.npmjs.org/
195 verbose url raw /fortawesome/fontawesome-free
196 verbose url resolving [ 'https://registry.npmjs.org/',
196 verbose url resolving   './fortawesome/fontawesome-free' ]
197 verbose url resolved https://registry.npmjs.org/fortawesome/fontawesome-free
198 verbose request where is https://registry.npmjs.org/fortawesome/fontawesome-free
199 info trying registry request attempt 1 at 00:09:30
200 http GET https://registry.npmjs.org/fortawesome/fontawesome-free
201 verbose request where is /gulp-rename
202 verbose request registry https://registry.npmjs.org/
203 verbose url raw /gulp-rename
204 verbose url resolving [ 'https://registry.npmjs.org/', './gulp-rename' ]
205 verbose url resolved https://registry.npmjs.org/gulp-rename
206 verbose request where is https://registry.npmjs.org/gulp-rename
207 info trying registry request attempt 1 at 00:09:30
208 verbose etag "4AYXKT072B4VLDBYYHQTNXWCB"
209 http GET https://registry.npmjs.org/gulp-rename
210 verbose request where is /bootstrap
211 verbose request registry https://registry.npmjs.org/
212 verbose url raw /bootstrap
213 verbose url resolving [ 'https://registry.npmjs.org/', './bootstrap' ]
214 verbose url resolved https://registry.npmjs.org/bootstrap
215 verbose request where is https://registry.npmjs.org/bootstrap
216 info trying registry request attempt 1 at 00:09:30
217 verbose etag "JW01XUZ3K8O8K4CWV1E8MUB2"
218 http GET https://registry.npmjs.org/bootstrap
219 http 200 https://registry.npmjs.org/jquery.easing
220 silly registry.get cb [ 200,
220 silly registry.get   { date: 'Mon, 10 Sep 2018 07:09:30 GMT',
220 silly registry.get     'content-type': 'application/json; charset=UTF-8',
220 silly registry.get     'transfer-encoding': 'chunked',
220 silly registry.get     connection: 'keep-alive',
220 silly registry.get     'set-cookie': [ '__cfduid=d3a5726a1fd352548521d5b500aa64ce01536563370; expires=Tue, 10-Sep-19 07:09:30 GMT; path=/; domain=.registry.npmjs.org; HttpOnly' ],
220 silly registry.get     'cf-cache-status': 'HIT',
220 silly registry.get     'cache-control': 'max-age=300',
220 silly registry.get     'cf-ray': '458011c6e80d1ed1-SJC',
220 silly registry.get     etag: 'W/"d073c64c2aceb6e847a8018916477a12"',
220 silly registry.get     'expect-ct': 'max-age=604800, report-uri="https://report-uri.cloudflare.com/cdn-cgi/beacon/expect-ct"',
220 silly registry.get     'last-modified': 'Sun, 27 May 2018 05:29:03 GMT',
220 silly registry.get     vary: 'accept-encoding, accept',
220 silly registry.get     server: 'cloudflare',
220 silly registry.get     'content-encoding': 'gzip' } ]
221 silly addNameRange number 2 { name: 'jquery.easing',
221 silly addNameRange   range: '>=1.4.1-0 <2.0.0-0',
221 silly addNameRange   hasData: true }
222 silly addNameRange versions [ 'jquery.easing',
222 silly addNameRange   [ '1.3.0', '1.3.1', '1.3.2', '1.4.0', '1.4.1' ] ]
223 verbose addNamed [ 'jquery.easing', '1.4.1' ]
224 verbose addNamed [ '1.4.1', '1.4.1' ]
225 silly lockFile b83a323d-jquery-easing-1-4-1 jquery.easing@1.4.1
226 verbose lock jquery.easing@1.4.1 /Volumes/Storage/Users/ganeshdatta/.npm/b83a323d-jquery-easing-1-4-1.lock
227 silly lockFile baa49f66-y-easing-jquery-easing-1-4-1-tgz https://registry.npmjs.org/jquery.easing/-/jquery.easing-1.4.1.tgz
228 verbose lock https://registry.npmjs.org/jquery.easing/-/jquery.easing-1.4.1.tgz /Volumes/Storage/Users/ganeshdatta/.npm/baa49f66-y-easing-jquery-easing-1-4-1-tgz.lock
229 verbose addRemoteTarball [ 'https://registry.npmjs.org/jquery.easing/-/jquery.easing-1.4.1.tgz',
229 verbose addRemoteTarball   '47982c5836bd758fd48494923c4a101ef6e93e3b' ]
230 info retry fetch attempt 1 at 00:09:30
231 verbose fetch to= /var/folders/zq/v69jm9xj6qgg7cdhvc_t0k1r0000gn/T/npm-42641-IDSl1Qgj/registry.npmjs.org/jquery.easing/-/jquery.easing-1.4.1.tgz
232 http GET https://registry.npmjs.org/jquery.easing/-/jquery.easing-1.4.1.tgz
233 http 200 https://registry.npmjs.org/jquery
234 silly registry.get cb [ 200,
234 silly registry.get   { date: 'Mon, 10 Sep 2018 07:09:30 GMT',
234 silly registry.get     'content-type': 'application/json; charset=UTF-8',
234 silly registry.get     'transfer-encoding': 'chunked',
234 silly registry.get     connection: 'keep-alive',
234 silly registry.get     'set-cookie': [ '__cfduid=d7ffe244dd540dbff5b909a2692e805901536563370; expires=Tue, 10-Sep-19 07:09:30 GMT; path=/; domain=.registry.npmjs.org; HttpOnly' ],
234 silly registry.get     'cf-cache-status': 'HIT',
234 silly registry.get     'cache-control': 'max-age=300',
234 silly registry.get     'cf-ray': '458011c6ddbe2816-SJC',
234 silly registry.get     etag: 'W/"f8c44c36454da20858d8d0456169f0e9"',
234 silly registry.get     'expect-ct': 'max-age=604800, report-uri="https://report-uri.cloudflare.com/cdn-cgi/beacon/expect-ct"',
234 silly registry.get     'last-modified': 'Sun, 12 Aug 2018 22:42:53 GMT',
234 silly registry.get     vary: 'accept-encoding, accept',
234 silly registry.get     server: 'cloudflare',
234 silly registry.get     'content-encoding': 'gzip' } ]
235 http 200 https://registry.npmjs.org/gulp-autoprefixer
236 silly registry.get cb [ 200,
236 silly registry.get   { date: 'Mon, 10 Sep 2018 07:09:30 GMT',
236 silly registry.get     'content-type': 'application/json; charset=UTF-8',
236 silly registry.get     'transfer-encoding': 'chunked',
236 silly registry.get     connection: 'keep-alive',
236 silly registry.get     'set-cookie': [ '__cfduid=dfe43c2bde84ada205156bd36e6ebc4dd1536563370; expires=Tue, 10-Sep-19 07:09:30 GMT; path=/; domain=.registry.npmjs.org; HttpOnly' ],
236 silly registry.get     'cf-cache-status': 'HIT',
236 silly registry.get     'cache-control': 'max-age=300',
236 silly registry.get     'cf-ray': '458011c6e916282e-SJC',
236 silly registry.get     etag: 'W/"d3d715d25b10da87b3cfc20f3a2b24ee"',
236 silly registry.get     'expect-ct': 'max-age=604800, report-uri="https://report-uri.cloudflare.com/cdn-cgi/beacon/expect-ct"',
236 silly registry.get     'last-modified': 'Sun, 26 Aug 2018 09:33:52 GMT',
236 silly registry.get     vary: 'accept-encoding, accept',
236 silly registry.get     server: 'cloudflare',
236 silly registry.get     'content-encoding': 'gzip' } ]
237 silly lockFile b693ba1f-pmjs-org-jquery-jquery-3-3-1-tgz https://registry.npmjs.org/jquery/-/jquery-3.3.1.tgz
238 verbose lock https://registry.npmjs.org/jquery/-/jquery-3.3.1.tgz /Volumes/Storage/Users/ganeshdatta/.npm/b693ba1f-pmjs-org-jquery-jquery-3-3-1-tgz.lock
239 http 200 https://registry.npmjs.org/gulp
240 silly registry.get cb [ 200,
240 silly registry.get   { date: 'Mon, 10 Sep 2018 07:09:30 GMT',
240 silly registry.get     'content-type': 'application/json; charset=UTF-8',
240 silly registry.get     'transfer-encoding': 'chunked',
240 silly registry.get     connection: 'keep-alive',
240 silly registry.get     'set-cookie': [ '__cfduid=d3a5726a1fd352548521d5b500aa64ce01536563370; expires=Tue, 10-Sep-19 07:09:30 GMT; path=/; domain=.registry.npmjs.org; HttpOnly' ],
240 silly registry.get     'cf-cache-status': 'HIT',
240 silly registry.get     'cache-control': 'max-age=300',
240 silly registry.get     'cf-ray': '458011c6d80a1ed1-SJC',
240 silly registry.get     etag: 'W/"bb8c8d60b3fdb86dcc8d7c15860d6187"',
240 silly registry.get     'expect-ct': 'max-age=604800, report-uri="https://report-uri.cloudflare.com/cdn-cgi/beacon/expect-ct"',
240 silly registry.get     'last-modified': 'Mon, 06 Aug 2018 14:29:58 GMT',
240 silly registry.get     vary: 'accept-encoding, accept',
240 silly registry.get     server: 'cloudflare',
240 silly registry.get     'content-encoding': 'gzip' } ]
241 verbose addRemoteTarball [ 'https://registry.npmjs.org/jquery/-/jquery-3.3.1.tgz',
241 verbose addRemoteTarball   '958ce29e81c9790f31be7792df5d4d95fc57fbca' ]
242 silly lockFile 9fbac80e-ixer-gulp-autoprefixer-6-0-0-tgz https://registry.npmjs.org/gulp-autoprefixer/-/gulp-autoprefixer-6.0.0.tgz
243 verbose lock https://registry.npmjs.org/gulp-autoprefixer/-/gulp-autoprefixer-6.0.0.tgz /Volumes/Storage/Users/ganeshdatta/.npm/9fbac80e-ixer-gulp-autoprefixer-6-0-0-tgz.lock
244 info retry fetch attempt 1 at 00:09:30
245 verbose fetch to= /var/folders/zq/v69jm9xj6qgg7cdhvc_t0k1r0000gn/T/npm-42641-IDSl1Qgj/registry.npmjs.org/jquery/-/jquery-3.3.1.tgz
246 http GET https://registry.npmjs.org/jquery/-/jquery-3.3.1.tgz
247 silly addNameRange number 2 { name: 'gulp', range: '>=3.9.1-0 <4.0.0-0', hasData: true }
248 silly addNameRange versions [ 'gulp',
248 silly addNameRange   [ '0.0.1',
248 silly addNameRange     '0.0.2',
248 silly addNameRange     '0.0.3',
248 silly addNameRange     '0.0.4',
248 silly addNameRange     '0.0.5',
248 silly addNameRange     '0.0.7',
248 silly addNameRange     '0.0.8',
248 silly addNameRange     '0.0.9',
248 silly addNameRange     '0.1.0',
248 silly addNameRange     '0.2.0',
248 silly addNameRange     '1.0.0',
248 silly addNameRange     '1.1.0',
248 silly addNameRange     '1.2.0',
248 silly addNameRange     '1.2.1',
248 silly addNameRange     '2.0.0',
248 silly addNameRange     '2.0.1',
248 silly addNameRange     '2.1.0',
248 silly addNameRange     '2.2.0',
248 silly addNameRange     '2.3.0',
248 silly addNameRange     '2.4.0',
248 silly addNameRange     '2.4.1',
248 silly addNameRange     '2.6.0',
248 silly addNameRange     '2.6.1',
248 silly addNameRange     '2.7.0',
248 silly addNameRange     '3.0.0',
248 silly addNameRange     '3.1.1',
248 silly addNameRange     '3.1.2',
248 silly addNameRange     '3.1.3',
248 silly addNameRange     '3.1.4',
248 silly addNameRange     '3.2.0',
248 silly addNameRange     '3.2.1',
248 silly addNameRange     '3.2.2',
248 silly addNameRange     '3.2.3',
248 silly addNameRange     '3.2.4',
248 silly addNameRange     '3.2.5',
248 silly addNameRange     '3.3.0',
248 silly addNameRange     '3.3.1',
248 silly addNameRange     '3.3.2',
248 silly addNameRange     '3.3.4',
248 silly addNameRange     '3.4.0',
248 silly addNameRange     '3.5.0',
248 silly addNameRange     '3.5.1',
248 silly addNameRange     '3.5.2',
248 silly addNameRange     '3.5.5',
248 silly addNameRange     '3.5.6',
248 silly addNameRange     '3.6.0',
248 silly addNameRange     '3.6.1',
248 silly addNameRange     '3.6.2',
248 silly addNameRange     '3.7.0',
248 silly addNameRange     '3.8.0',
248 silly addNameRange     '3.8.1',
248 silly addNameRange     '3.8.2',
248 silly addNameRange     '3.8.3',
248 silly addNameRange     '3.8.4',
248 silly addNameRange     '3.8.5',
248 silly addNameRange     '3.8.6',
248 silly addNameRange     '3.8.7',
248 silly addNameRange     '3.8.8',
248 silly addNameRange     '3.8.9',
248 silly addNameRange     '3.8.10',
248 silly addNameRange     '3.8.11',
248 silly addNameRange     '3.9.0',
248 silly addNameRange     '3.9.1',
248 silly addNameRange     '4.0.0' ] ]
249 verbose addNamed [ 'gulp', '3.9.1' ]
250 verbose addNamed [ '3.9.1', '3.9.1' ]
251 silly lockFile d9f1ef79-gulp-3-9-1 gulp@3.9.1
252 verbose lock gulp@3.9.1 /Volumes/Storage/Users/ganeshdatta/.npm/d9f1ef79-gulp-3-9-1.lock
253 verbose addRemoteTarball [ 'https://registry.npmjs.org/gulp-autoprefixer/-/gulp-autoprefixer-6.0.0.tgz',
253 verbose addRemoteTarball   '7034ef12c24a92a5b20158d63623ebbd900faed8' ]
254 info retry fetch attempt 1 at 00:09:30
255 verbose fetch to= /var/folders/zq/v69jm9xj6qgg7cdhvc_t0k1r0000gn/T/npm-42641-IDSl1Qgj/registry.npmjs.org/gulp-autoprefixer/-/gulp-autoprefixer-6.0.0.tgz
256 http GET https://registry.npmjs.org/gulp-autoprefixer/-/gulp-autoprefixer-6.0.0.tgz
257 http 200 https://registry.npmjs.org/gulp-clean-css
258 silly registry.get cb [ 200,
258 silly registry.get   { date: 'Mon, 10 Sep 2018 07:09:30 GMT',
258 silly registry.get     'content-type': 'application/json; charset=UTF-8',
258 silly registry.get     'transfer-encoding': 'chunked',
258 silly registry.get     connection: 'keep-alive',
258 silly registry.get     'set-cookie': [ '__cfduid=d3a5726a1fd352548521d5b500aa64ce01536563370; expires=Tue, 10-Sep-19 07:09:30 GMT; path=/; domain=.registry.npmjs.org; HttpOnly' ],
258 silly registry.get     'cf-cache-status': 'HIT',
258 silly registry.get     'cache-control': 'max-age=300',
258 silly registry.get     'cf-ray': '458011c7b8751ed1-SJC',
258 silly registry.get     etag: 'W/"452fa4af7c8527a36d55029e2f034457"',
258 silly registry.get     'expect-ct': 'max-age=604800, report-uri="https://report-uri.cloudflare.com/cdn-cgi/beacon/expect-ct"',
258 silly registry.get     'last-modified': 'Wed, 08 Aug 2018 12:21:05 GMT',
258 silly registry.get     vary: 'accept-encoding, accept',
258 silly registry.get     server: 'cloudflare',
258 silly registry.get     'content-encoding': 'gzip' } ]
259 silly lockFile d95592da-ry-npmjs-org-gulp-gulp-3-9-1-tgz https://registry.npmjs.org/gulp/-/gulp-3.9.1.tgz
260 verbose lock https://registry.npmjs.org/gulp/-/gulp-3.9.1.tgz /Volumes/Storage/Users/ganeshdatta/.npm/d95592da-ry-npmjs-org-gulp-gulp-3-9-1-tgz.lock
261 verbose addRemoteTarball [ 'https://registry.npmjs.org/gulp/-/gulp-3.9.1.tgz',
261 verbose addRemoteTarball   '571ce45928dd40af6514fc4011866016c13845b4' ]
262 info retry fetch attempt 1 at 00:09:30
263 verbose fetch to= /var/folders/zq/v69jm9xj6qgg7cdhvc_t0k1r0000gn/T/npm-42641-IDSl1Qgj/registry.npmjs.org/gulp/-/gulp-3.9.1.tgz
264 http GET https://registry.npmjs.org/gulp/-/gulp-3.9.1.tgz
265 silly lockFile dba90e88-an-css-gulp-clean-css-3-10-0-tgz https://registry.npmjs.org/gulp-clean-css/-/gulp-clean-css-3.10.0.tgz
266 verbose lock https://registry.npmjs.org/gulp-clean-css/-/gulp-clean-css-3.10.0.tgz /Volumes/Storage/Users/ganeshdatta/.npm/dba90e88-an-css-gulp-clean-css-3-10-0-tgz.lock
267 http 200 https://registry.npmjs.org/browser-sync
268 silly registry.get cb [ 200,
268 silly registry.get   { date: 'Mon, 10 Sep 2018 07:09:30 GMT',
268 silly registry.get     'content-type': 'application/json; charset=UTF-8',
268 silly registry.get     'transfer-encoding': 'chunked',
268 silly registry.get     connection: 'keep-alive',
268 silly registry.get     'set-cookie': [ '__cfduid=d7ffe244dd540dbff5b909a2692e805901536563370; expires=Tue, 10-Sep-19 07:09:30 GMT; path=/; domain=.registry.npmjs.org; HttpOnly' ],
268 silly registry.get     'cf-cache-status': 'HIT',
268 silly registry.get     'cache-control': 'max-age=300',
268 silly registry.get     'cf-ray': '458011c6ddbf2816-SJC',
268 silly registry.get     etag: 'W/"3531b255b20740901f5f15041fd6d896"',
268 silly registry.get     'expect-ct': 'max-age=604800, report-uri="https://report-uri.cloudflare.com/cdn-cgi/beacon/expect-ct"',
268 silly registry.get     'last-modified': 'Sun, 26 Aug 2018 19:35:51 GMT',
268 silly registry.get     vary: 'accept-encoding, accept',
268 silly registry.get     server: 'cloudflare',
268 silly registry.get     'content-encoding': 'gzip' } ]
269 verbose addRemoteTarball [ 'https://registry.npmjs.org/gulp-clean-css/-/gulp-clean-css-3.10.0.tgz',
269 verbose addRemoteTarball   'bccd4605eff104bfa4980014cc4b3c24c571736d' ]
270 info retry fetch attempt 1 at 00:09:30
271 verbose fetch to= /var/folders/zq/v69jm9xj6qgg7cdhvc_t0k1r0000gn/T/npm-42641-IDSl1Qgj/registry.npmjs.org/gulp-clean-css/-/gulp-clean-css-3.10.0.tgz
272 http GET https://registry.npmjs.org/gulp-clean-css/-/gulp-clean-css-3.10.0.tgz
273 http 200 https://registry.npmjs.org/gulp-header
274 silly registry.get cb [ 200,
274 silly registry.get   { date: 'Mon, 10 Sep 2018 07:09:30 GMT',
274 silly registry.get     'content-type': 'application/json; charset=UTF-8',
274 silly registry.get     'transfer-encoding': 'chunked',
274 silly registry.get     connection: 'keep-alive',
274 silly registry.get     'set-cookie': [ '__cfduid=d7ffe244dd540dbff5b909a2692e805901536563370; expires=Tue, 10-Sep-19 07:09:30 GMT; path=/; domain=.registry.npmjs.org; HttpOnly' ],
274 silly registry.get     'cf-cache-status': 'HIT',
274 silly registry.get     'cache-control': 'max-age=300',
274 silly registry.get     'cf-ray': '458011c85e202816-SJC',
274 silly registry.get     etag: 'W/"e5e257f305d8c3f3ed00a820d606ea52"',
274 silly registry.get     'expect-ct': 'max-age=604800, report-uri="https://report-uri.cloudflare.com/cdn-cgi/beacon/expect-ct"',
274 silly registry.get     'last-modified': 'Sun, 27 May 2018 03:12:52 GMT',
274 silly registry.get     vary: 'accept-encoding, accept',
274 silly registry.get     server: 'cloudflare',
274 silly registry.get     'content-encoding': 'gzip' } ]
275 silly lockFile bd81360a-ser-sync-browser-sync-2-24-7-tgz https://registry.npmjs.org/browser-sync/-/browser-sync-2.24.7.tgz
276 verbose lock https://registry.npmjs.org/browser-sync/-/browser-sync-2.24.7.tgz /Volumes/Storage/Users/ganeshdatta/.npm/bd81360a-ser-sync-browser-sync-2-24-7-tgz.lock
277 verbose addRemoteTarball [ 'https://registry.npmjs.org/browser-sync/-/browser-sync-2.24.7.tgz',
277 verbose addRemoteTarball   '0f93bcaabfb84a35a5c98e07682c9e45c6251a93' ]
278 silly lockFile fa91bf06-ulp-header-gulp-header-2-0-5-tgz https://registry.npmjs.org/gulp-header/-/gulp-header-2.0.5.tgz
279 verbose lock https://registry.npmjs.org/gulp-header/-/gulp-header-2.0.5.tgz /Volumes/Storage/Users/ganeshdatta/.npm/fa91bf06-ulp-header-gulp-header-2-0-5-tgz.lock
280 verbose addRemoteTarball [ 'https://registry.npmjs.org/gulp-header/-/gulp-header-2.0.5.tgz',
280 verbose addRemoteTarball   '16e229c73593ade301168024fea68dab75d9d38c' ]
281 info retry fetch attempt 1 at 00:09:30
282 verbose fetch to= /var/folders/zq/v69jm9xj6qgg7cdhvc_t0k1r0000gn/T/npm-42641-IDSl1Qgj/registry.npmjs.org/browser-sync/-/browser-sync-2.24.7.tgz
283 http 200 https://registry.npmjs.org/gulp-sass
284 silly registry.get cb [ 200,
284 silly registry.get   { date: 'Mon, 10 Sep 2018 07:09:30 GMT',
284 silly registry.get     'content-type': 'application/json; charset=UTF-8',
284 silly registry.get     'transfer-encoding': 'chunked',
284 silly registry.get     connection: 'keep-alive',
284 silly registry.get     'set-cookie': [ '__cfduid=d3a5726a1fd352548521d5b500aa64ce01536563370; expires=Tue, 10-Sep-19 07:09:30 GMT; path=/; domain=.registry.npmjs.org; HttpOnly' ],
284 silly registry.get     'cf-cache-status': 'HIT',
284 silly registry.get     'cache-control': 'max-age=300',
284 silly registry.get     'cf-ray': '458011c878cb1ed1-SJC',
284 silly registry.get     etag: 'W/"45dd3037388a22dbe6d2c8c07e680568"',
284 silly registry.get     'expect-ct': 'max-age=604800, report-uri="https://report-uri.cloudflare.com/cdn-cgi/beacon/expect-ct"',
284 silly registry.get     'last-modified': 'Sun, 27 May 2018 03:18:50 GMT',
284 silly registry.get     vary: 'accept-encoding, accept',
284 silly registry.get     server: 'cloudflare',
284 silly registry.get     'content-encoding': 'gzip' } ]
285 http GET https://registry.npmjs.org/browser-sync/-/browser-sync-2.24.7.tgz
286 info retry fetch attempt 1 at 00:09:30
287 verbose fetch to= /var/folders/zq/v69jm9xj6qgg7cdhvc_t0k1r0000gn/T/npm-42641-IDSl1Qgj/registry.npmjs.org/gulp-header/-/gulp-header-2.0.5.tgz
288 http 200 https://registry.npmjs.org/gulp-uglify
289 silly registry.get cb [ 200,
289 silly registry.get   { date: 'Mon, 10 Sep 2018 07:09:30 GMT',
289 silly registry.get     'content-type': 'application/json; charset=UTF-8',
289 silly registry.get     'transfer-encoding': 'chunked',
289 silly registry.get     connection: 'keep-alive',
289 silly registry.get     'set-cookie': [ '__cfduid=dfe43c2bde84ada205156bd36e6ebc4dd1536563370; expires=Tue, 10-Sep-19 07:09:30 GMT; path=/; domain=.registry.npmjs.org; HttpOnly' ],
289 silly registry.get     'cf-cache-status': 'HIT',
289 silly registry.get     'cache-control': 'max-age=300',
289 silly registry.get     'cf-ray': '458011c87950282e-SJC',
289 silly registry.get     etag: 'W/"d5a9b201e959cc5c131f087229f97d0c"',
289 silly registry.get     'expect-ct': 'max-age=604800, report-uri="https://report-uri.cloudflare.com/cdn-cgi/beacon/expect-ct"',
289 silly registry.get     'last-modified': 'Thu, 02 Aug 2018 09:54:25 GMT',
289 silly registry.get     vary: 'accept-encoding, accept',
289 silly registry.get     server: 'cloudflare',
289 silly registry.get     'content-encoding': 'gzip' } ]
290 http GET https://registry.npmjs.org/gulp-header/-/gulp-header-2.0.5.tgz
291 silly lockFile 70ba84e4-rg-gulp-sass-gulp-sass-4-0-1-tgz https://registry.npmjs.org/gulp-sass/-/gulp-sass-4.0.1.tgz
292 verbose lock https://registry.npmjs.org/gulp-sass/-/gulp-sass-4.0.1.tgz /Volumes/Storage/Users/ganeshdatta/.npm/70ba84e4-rg-gulp-sass-gulp-sass-4-0-1-tgz.lock
293 silly lockFile 3795fb84-ulp-uglify-gulp-uglify-3-0-1-tgz https://registry.npmjs.org/gulp-uglify/-/gulp-uglify-3.0.1.tgz
294 verbose lock https://registry.npmjs.org/gulp-uglify/-/gulp-uglify-3.0.1.tgz /Volumes/Storage/Users/ganeshdatta/.npm/3795fb84-ulp-uglify-gulp-uglify-3-0-1-tgz.lock
295 verbose addRemoteTarball [ 'https://registry.npmjs.org/gulp-sass/-/gulp-sass-4.0.1.tgz',
295 verbose addRemoteTarball   '7f43d117eb2d303524968a1b48494af1bc64d1d9' ]
296 verbose addRemoteTarball [ 'https://registry.npmjs.org/gulp-uglify/-/gulp-uglify-3.0.1.tgz',
296 verbose addRemoteTarball   '8d3eee466521bea6b10fd75dff72adf8b7ea2d97' ]
297 info retry fetch attempt 1 at 00:09:30
298 verbose fetch to= /var/folders/zq/v69jm9xj6qgg7cdhvc_t0k1r0000gn/T/npm-42641-IDSl1Qgj/registry.npmjs.org/gulp-sass/-/gulp-sass-4.0.1.tgz
299 http GET https://registry.npmjs.org/gulp-sass/-/gulp-sass-4.0.1.tgz
300 info retry fetch attempt 1 at 00:09:30
301 verbose fetch to= /var/folders/zq/v69jm9xj6qgg7cdhvc_t0k1r0000gn/T/npm-42641-IDSl1Qgj/registry.npmjs.org/gulp-uglify/-/gulp-uglify-3.0.1.tgz
302 http GET https://registry.npmjs.org/gulp-uglify/-/gulp-uglify-3.0.1.tgz
303 http 200 https://registry.npmjs.org/gulp-rename
304 silly registry.get cb [ 200,
304 silly registry.get   { date: 'Mon, 10 Sep 2018 07:09:30 GMT',
304 silly registry.get     'content-type': 'application/json; charset=UTF-8',
304 silly registry.get     'transfer-encoding': 'chunked',
304 silly registry.get     connection: 'keep-alive',
304 silly registry.get     'set-cookie': [ '__cfduid=d7ffe244dd540dbff5b909a2692e805901536563370; expires=Tue, 10-Sep-19 07:09:30 GMT; path=/; domain=.registry.npmjs.org; HttpOnly' ],
304 silly registry.get     'cf-cache-status': 'HIT',
304 silly registry.get     'cache-control': 'max-age=300',
304 silly registry.get     'cf-ray': '458011c8ce362816-SJC',
304 silly registry.get     etag: 'W/"16c47834e91c323dd446892df563fcab"',
304 silly registry.get     'expect-ct': 'max-age=604800, report-uri="https://report-uri.cloudflare.com/cdn-cgi/beacon/expect-ct"',
304 silly registry.get     'last-modified': 'Mon, 23 Jul 2018 19:50:57 GMT',
304 silly registry.get     vary: 'accept-encoding, accept',
304 silly registry.get     server: 'cloudflare',
304 silly registry.get     'content-encoding': 'gzip' } ]
305 silly lockFile 0e0a7157-ulp-rename-gulp-rename-1-4-0-tgz https://registry.npmjs.org/gulp-rename/-/gulp-rename-1.4.0.tgz
306 verbose lock https://registry.npmjs.org/gulp-rename/-/gulp-rename-1.4.0.tgz /Volumes/Storage/Users/ganeshdatta/.npm/0e0a7157-ulp-rename-gulp-rename-1-4-0-tgz.lock
307 verbose addRemoteTarball [ 'https://registry.npmjs.org/gulp-rename/-/gulp-rename-1.4.0.tgz',
307 verbose addRemoteTarball   'de1c718e7c4095ae861f7296ef4f3248648240bd' ]
308 info retry fetch attempt 1 at 00:09:30
309 verbose fetch to= /var/folders/zq/v69jm9xj6qgg7cdhvc_t0k1r0000gn/T/npm-42641-IDSl1Qgj/registry.npmjs.org/gulp-rename/-/gulp-rename-1.4.0.tgz
310 http GET https://registry.npmjs.org/gulp-rename/-/gulp-rename-1.4.0.tgz
311 http 405 https://registry.npmjs.org/fortawesome/fontawesome-free
312 silly registry.get cb [ 405,
312 silly registry.get   { date: 'Mon, 10 Sep 2018 07:09:30 GMT',
312 silly registry.get     'content-type': 'application/json',
312 silly registry.get     'content-length': '63',
312 silly registry.get     connection: 'keep-alive',
312 silly registry.get     'set-cookie': [ '__cfduid=d3a5726a1fd352548521d5b500aa64ce01536563370; expires=Tue, 10-Sep-19 07:09:30 GMT; path=/; domain=.registry.npmjs.org; HttpOnly' ],
312 silly registry.get     allow: 'PUT',
312 silly registry.get     'cf-ray': '458011c898d31ed1-SJC',
312 silly registry.get     'expect-ct': 'max-age=604800, report-uri="https://report-uri.cloudflare.com/cdn-cgi/beacon/expect-ct"',
312 silly registry.get     vary: 'Accept-Encoding',
312 silly registry.get     server: 'cloudflare' } ]
313 silly lockFile 37a8f4e4-rtawesome-fontawesome-free-5-3-1 fortawesome/fontawesome-free@5.3.1
314 silly lockFile 37a8f4e4-rtawesome-fontawesome-free-5-3-1 fortawesome/fontawesome-free@5.3.1
315 http 200 https://registry.npmjs.org/bootstrap
316 silly registry.get cb [ 200,
316 silly registry.get   { date: 'Mon, 10 Sep 2018 07:09:30 GMT',
316 silly registry.get     'content-type': 'application/json; charset=UTF-8',
316 silly registry.get     'transfer-encoding': 'chunked',
316 silly registry.get     connection: 'keep-alive',
316 silly registry.get     'set-cookie': [ '__cfduid=d7ffe244dd540dbff5b909a2692e805901536563370; expires=Tue, 10-Sep-19 07:09:30 GMT; path=/; domain=.registry.npmjs.org; HttpOnly' ],
316 silly registry.get     'cf-cache-status': 'HIT',
316 silly registry.get     'cache-control': 'max-age=300',
316 silly registry.get     'cf-ray': '458011c91e4b2816-SJC',
316 silly registry.get     etag: 'W/"65358d04f520616e38d404f195705251"',
316 silly registry.get     'expect-ct': 'max-age=604800, report-uri="https://report-uri.cloudflare.com/cdn-cgi/beacon/expect-ct"',
316 silly registry.get     'last-modified': 'Sun, 12 Aug 2018 22:39:54 GMT',
316 silly registry.get     vary: 'accept-encoding, accept',
316 silly registry.get     server: 'cloudflare',
316 silly registry.get     'content-encoding': 'gzip' } ]
317 http 200 https://registry.npmjs.org/jquery.easing/-/jquery.easing-1.4.1.tgz
318 silly lockFile 73ad31b5-rg-bootstrap-bootstrap-4-1-3-tgz https://registry.npmjs.org/bootstrap/-/bootstrap-4.1.3.tgz
319 verbose lock https://registry.npmjs.org/bootstrap/-/bootstrap-4.1.3.tgz /Volumes/Storage/Users/ganeshdatta/.npm/73ad31b5-rg-bootstrap-bootstrap-4-1-3-tgz.lock
320 verbose addRemoteTarball [ 'https://registry.npmjs.org/bootstrap/-/bootstrap-4.1.3.tgz',
320 verbose addRemoteTarball   '0eb371af2c8448e8c210411d0cb824a6409a12be' ]
321 info retry fetch attempt 1 at 00:09:30
322 verbose fetch to= /var/folders/zq/v69jm9xj6qgg7cdhvc_t0k1r0000gn/T/npm-42641-IDSl1Qgj/registry.npmjs.org/bootstrap/-/bootstrap-4.1.3.tgz
323 http GET https://registry.npmjs.org/bootstrap/-/bootstrap-4.1.3.tgz
324 http 200 https://registry.npmjs.org/jquery/-/jquery-3.3.1.tgz
325 http 200 https://registry.npmjs.org/gulp-autoprefixer/-/gulp-autoprefixer-6.0.0.tgz
326 silly lockFile 9fbac80e-ixer-gulp-autoprefixer-6-0-0-tgz https://registry.npmjs.org/gulp-autoprefixer/-/gulp-autoprefixer-6.0.0.tgz
327 silly lockFile 9fbac80e-ixer-gulp-autoprefixer-6-0-0-tgz https://registry.npmjs.org/gulp-autoprefixer/-/gulp-autoprefixer-6.0.0.tgz
328 silly lockFile 79280398-gulp-autoprefixer-6-0-0 gulp-autoprefixer@6.0.0
329 silly lockFile 79280398-gulp-autoprefixer-6-0-0 gulp-autoprefixer@6.0.0
330 http 200 https://registry.npmjs.org/gulp/-/gulp-3.9.1.tgz
331 silly lockFile d95592da-ry-npmjs-org-gulp-gulp-3-9-1-tgz https://registry.npmjs.org/gulp/-/gulp-3.9.1.tgz
332 silly lockFile d95592da-ry-npmjs-org-gulp-gulp-3-9-1-tgz https://registry.npmjs.org/gulp/-/gulp-3.9.1.tgz
333 silly lockFile d9f1ef79-gulp-3-9-1 gulp@3.9.1
334 silly lockFile d9f1ef79-gulp-3-9-1 gulp@3.9.1
335 silly lockFile e5c114fc-gulp-3-9-1 gulp@^3.9.1
336 silly lockFile e5c114fc-gulp-3-9-1 gulp@^3.9.1
337 http 200 https://registry.npmjs.org/gulp-clean-css/-/gulp-clean-css-3.10.0.tgz
338 silly lockFile dba90e88-an-css-gulp-clean-css-3-10-0-tgz https://registry.npmjs.org/gulp-clean-css/-/gulp-clean-css-3.10.0.tgz
339 silly lockFile dba90e88-an-css-gulp-clean-css-3-10-0-tgz https://registry.npmjs.org/gulp-clean-css/-/gulp-clean-css-3.10.0.tgz
340 silly lockFile 11dca4d1-gulp-clean-css-3-10-0 gulp-clean-css@3.10.0
341 silly lockFile 11dca4d1-gulp-clean-css-3-10-0 gulp-clean-css@3.10.0
342 http 200 https://registry.npmjs.org/browser-sync/-/browser-sync-2.24.7.tgz
343 http 200 https://registry.npmjs.org/gulp-header/-/gulp-header-2.0.5.tgz
344 silly lockFile fa91bf06-ulp-header-gulp-header-2-0-5-tgz https://registry.npmjs.org/gulp-header/-/gulp-header-2.0.5.tgz
345 silly lockFile fa91bf06-ulp-header-gulp-header-2-0-5-tgz https://registry.npmjs.org/gulp-header/-/gulp-header-2.0.5.tgz
346 silly lockFile 4ca3c5a8-gulp-header-2-0-5 gulp-header@2.0.5
347 silly lockFile 4ca3c5a8-gulp-header-2-0-5 gulp-header@2.0.5
348 http 200 https://registry.npmjs.org/gulp-sass/-/gulp-sass-4.0.1.tgz
349 silly lockFile 70ba84e4-rg-gulp-sass-gulp-sass-4-0-1-tgz https://registry.npmjs.org/gulp-sass/-/gulp-sass-4.0.1.tgz
350 silly lockFile 70ba84e4-rg-gulp-sass-gulp-sass-4-0-1-tgz https://registry.npmjs.org/gulp-sass/-/gulp-sass-4.0.1.tgz
351 silly lockFile a281e57e-gulp-sass-4-0-1 gulp-sass@4.0.1
352 silly lockFile a281e57e-gulp-sass-4-0-1 gulp-sass@4.0.1
353 http 200 https://registry.npmjs.org/gulp-uglify/-/gulp-uglify-3.0.1.tgz
354 http 200 https://registry.npmjs.org/gulp-rename/-/gulp-rename-1.4.0.tgz
355 silly lockFile 3795fb84-ulp-uglify-gulp-uglify-3-0-1-tgz https://registry.npmjs.org/gulp-uglify/-/gulp-uglify-3.0.1.tgz
356 silly lockFile 3795fb84-ulp-uglify-gulp-uglify-3-0-1-tgz https://registry.npmjs.org/gulp-uglify/-/gulp-uglify-3.0.1.tgz
357 silly lockFile 5db6fb3e-gulp-uglify-3-0-1 gulp-uglify@3.0.1
358 silly lockFile 5db6fb3e-gulp-uglify-3-0-1 gulp-uglify@3.0.1
359 silly lockFile 0e0a7157-ulp-rename-gulp-rename-1-4-0-tgz https://registry.npmjs.org/gulp-rename/-/gulp-rename-1.4.0.tgz
360 silly lockFile 0e0a7157-ulp-rename-gulp-rename-1-4-0-tgz https://registry.npmjs.org/gulp-rename/-/gulp-rename-1.4.0.tgz
361 silly lockFile 085ba6c5-gulp-rename-1-4-0 gulp-rename@1.4.0
362 silly lockFile 085ba6c5-gulp-rename-1-4-0 gulp-rename@1.4.0
363 http 200 https://registry.npmjs.org/bootstrap/-/bootstrap-4.1.3.tgz
364 silly lockFile baa49f66-y-easing-jquery-easing-1-4-1-tgz https://registry.npmjs.org/jquery.easing/-/jquery.easing-1.4.1.tgz
365 silly lockFile baa49f66-y-easing-jquery-easing-1-4-1-tgz https://registry.npmjs.org/jquery.easing/-/jquery.easing-1.4.1.tgz
366 silly lockFile b83a323d-jquery-easing-1-4-1 jquery.easing@1.4.1
367 silly lockFile b83a323d-jquery-easing-1-4-1 jquery.easing@1.4.1
368 silly lockFile 246e426f-jquery-easing-1-4-1 jquery.easing@^1.4.1
369 silly lockFile 246e426f-jquery-easing-1-4-1 jquery.easing@^1.4.1
370 silly lockFile b693ba1f-pmjs-org-jquery-jquery-3-3-1-tgz https://registry.npmjs.org/jquery/-/jquery-3.3.1.tgz
371 silly lockFile b693ba1f-pmjs-org-jquery-jquery-3-3-1-tgz https://registry.npmjs.org/jquery/-/jquery-3.3.1.tgz
372 silly lockFile 3df9e473-jquery-3-3-1 jquery@3.3.1
373 silly lockFile 3df9e473-jquery-3-3-1 jquery@3.3.1
374 silly lockFile 73ad31b5-rg-bootstrap-bootstrap-4-1-3-tgz https://registry.npmjs.org/bootstrap/-/bootstrap-4.1.3.tgz
375 silly lockFile 73ad31b5-rg-bootstrap-bootstrap-4-1-3-tgz https://registry.npmjs.org/bootstrap/-/bootstrap-4.1.3.tgz
376 silly lockFile 8860195b-bootstrap-4-1-3 bootstrap@4.1.3
377 silly lockFile 8860195b-bootstrap-4-1-3 bootstrap@4.1.3
378 silly lockFile bd81360a-ser-sync-browser-sync-2-24-7-tgz https://registry.npmjs.org/browser-sync/-/browser-sync-2.24.7.tgz
379 silly lockFile bd81360a-ser-sync-browser-sync-2-24-7-tgz https://registry.npmjs.org/browser-sync/-/browser-sync-2.24.7.tgz
380 silly lockFile 12495b89-browser-sync-2-24-7 browser-sync@2.24.7
381 silly lockFile 12495b89-browser-sync-2-24-7 browser-sync@2.24.7
382 error Error: Method Not Allowed
382 error     at errorResponse (/usr/local/lib/node_modules/npm/lib/cache/add-named.js:260:10)
382 error     at /usr/local/lib/node_modules/npm/lib/cache/add-named.js:120:12
382 error     at saved (/usr/local/lib/node_modules/npm/node_modules/npm-registry-client/lib/get.js:167:7)
382 error     at Object.oncomplete (fs.js:108:15)
383 error If you need help, you may report this *entire* log,
383 error including the npm and node versions, at:
383 error     <http://github.com/npm/npm/issues>
384 error System Darwin 14.5.0
385 error command "node" "/usr/local/bin/npm" "install"
386 error cwd /Volumes/Storage/Users/ganeshdatta/Downloads/startbootstrap-agency-gh-pages
387 error node -v v0.10.35
388 error npm -v 1.4.28
389 error code E405
390 verbose exit [ 1, true ]
